<?xml version="1.0" encoding="UTF-8"?>
<!-- Generated by org.testng.reporters.JUnitReportReporter -->
<testsuite hostname="Lakshmi" failures="0" tests="1" name="testCases.Tc_002_LoginTest" time="0.620" errors="0" timestamp="2024-01-07T19:07:00 MYT" skipped="0">
  <testcase classname="testCases.Tc_002_LoginTest" name="Login_test" time="0.620"/>
  <system-out/>
</testsuite> <!-- testCases.Tc_002_LoginTest -->
