<?xml version="1.0" encoding="UTF-8"?>
<!-- Generated by org.testng.reporters.JUnitReportReporter -->
<testsuite hostname="Lakshmi" failures="0" tests="1" name="testCases.Tc_002_LoginTest" time="0.911" errors="0" timestamp="2024-01-09T15:33:33 MYT" skipped="0">
  <testcase classname="testCases.Tc_002_LoginTest" name="Login_test" time="0.911"/>
</testsuite> <!-- testCases.Tc_002_LoginTest -->
